<?xml version="1.0" encoding="UTF-8"?>
<!-- Generated by org.testng.reporters.JUnitReportReporter -->
<testsuite hostname="Koushik" failures="0" tests="1" name="GridTest.gridclass2" time="5.592" errors="0" timestamp="2025-06-25T20:55:09 IST" skipped="0">
  <testcase classname="GridTest.gridclass2" name="gridtest2" time="5.592"/>
</testsuite> <!-- GridTest.gridclass2 -->
