<?xml version="1.0" encoding="UTF-8"?>
<!-- Generated by org.testng.reporters.JUnitReportReporter -->
<testsuite hostname="Koushik" failures="0" tests="1" name="GridTest.gridclass3" time="10.498" errors="0" timestamp="2025-06-25T20:55:09 IST" skipped="0">
  <testcase classname="GridTest.gridclass3" name="gridtest1" time="10.498"/>
</testsuite> <!-- GridTest.gridclass3 -->
